2020-07-08 18:34:29 INFO  AbstractLangProcessor: - Start parsing files...
2020-07-08 18:34:34 INFO  AbstractLangProcessor: - Resolve types and bindings of variables, methods and expressions.... D:\FILE\work\target_projects\Sock-Shop\Sock-Shop
2020-07-08 18:34:34 INFO  AbstractLangProcessor: - Heap Information: init = 251658240(245760K) used = 36836120(35972K) committed = 234881024(229376K) max = 3551526912(3468288K)
2020-07-08 18:34:34 INFO  Inferer: - Resolve type bindings...
2020-07-08 18:34:34 INFO  Inferer: - Dependency analaysing...
2020-07-08 18:34:34 INFO  Inferer: - Heap Information: init = 251658240(245760K) used = 41745048(40766K) committed = 234881024(229376K) max = 3551526912(3468288K)
2020-07-08 18:34:36 INFO  AbstractLangProcessor: - Heap Information: init = 251658240(245760K) used = 6656056(6500K) committed = 237502464(231936K) max = 3551526912(3468288K)
2020-07-08 18:34:36 INFO  AbstractLangProcessor: - Dependencie data generating done successfully...
2020-07-09 10:05:53 INFO  AbstractLangProcessor: - Start parsing files...
2020-07-09 10:06:01 INFO  AbstractLangProcessor: - Resolve types and bindings of variables, methods and expressions.... D:\FILE\work\target_projects\Sock-Shop\Sock-Shop
2020-07-09 10:06:01 INFO  AbstractLangProcessor: - Heap Information: init = 251658240(245760K) used = 34394256(33588K) committed = 234881024(229376K) max = 3551526912(3468288K)
2020-07-09 10:06:01 INFO  Inferer: - Resolve type bindings...
2020-07-09 10:06:01 INFO  Inferer: - Dependency analaysing...
2020-07-09 10:06:01 INFO  Inferer: - Heap Information: init = 251658240(245760K) used = 39300312(38379K) committed = 234881024(229376K) max = 3551526912(3468288K)
2020-07-09 10:06:03 INFO  AbstractLangProcessor: - Heap Information: init = 251658240(245760K) used = 6652384(6496K) committed = 237502464(231936K) max = 3551526912(3468288K)
2020-07-09 10:06:03 INFO  AbstractLangProcessor: - Dependencie data generating done successfully...
2020-07-09 10:08:47 INFO  AbstractLangProcessor: - Start parsing files...
2020-07-09 10:08:55 INFO  AbstractLangProcessor: - Resolve types and bindings of variables, methods and expressions.... D:\FILE\work\target_projects\Sock-Shop\Sock-Shop
2020-07-09 10:08:55 INFO  AbstractLangProcessor: - Heap Information: init = 251658240(245760K) used = 34239888(33437K) committed = 234881024(229376K) max = 3551526912(3468288K)
2020-07-09 10:08:55 INFO  Inferer: - Resolve type bindings...
2020-07-09 10:08:55 INFO  Inferer: - Dependency analaysing...
2020-07-09 10:08:55 INFO  Inferer: - Heap Information: init = 251658240(245760K) used = 39138544(38221K) committed = 234881024(229376K) max = 3551526912(3468288K)
2020-07-09 10:08:57 INFO  AbstractLangProcessor: - Heap Information: init = 251658240(245760K) used = 6651688(6495K) committed = 236978176(231424K) max = 3551526912(3468288K)
2020-07-09 10:08:57 INFO  AbstractLangProcessor: - Dependencie data generating done successfully...
2020-07-09 10:09:59 INFO  AbstractLangProcessor: - Start parsing files...
2020-07-09 10:10:07 INFO  AbstractLangProcessor: - Resolve types and bindings of variables, methods and expressions.... D:\FILE\work\target_projects\Sock-Shop\Sock-Shop
2020-07-09 10:10:07 INFO  AbstractLangProcessor: - Heap Information: init = 251658240(245760K) used = 34256040(33453K) committed = 234881024(229376K) max = 3551526912(3468288K)
2020-07-09 10:10:07 INFO  Inferer: - Resolve type bindings...
2020-07-09 10:10:07 INFO  Inferer: - Dependency analaysing...
2020-07-09 10:10:07 INFO  Inferer: - Heap Information: init = 251658240(245760K) used = 40371472(39425K) committed = 234881024(229376K) max = 3551526912(3468288K)
2020-07-09 10:10:09 INFO  AbstractLangProcessor: - Heap Information: init = 251658240(245760K) used = 6650984(6495K) committed = 237502464(231936K) max = 3551526912(3468288K)
2020-07-09 10:10:09 INFO  AbstractLangProcessor: - Dependencie data generating done successfully...
2020-07-09 11:46:40 INFO  AbstractLangProcessor: - Start parsing files...
2020-07-09 11:46:48 INFO  AbstractLangProcessor: - Resolve types and bindings of variables, methods and expressions.... D:\FILE\work\target_projects\Sock-Shop\Sock-Shop
2020-07-09 11:46:48 INFO  AbstractLangProcessor: - Heap Information: init = 251658240(245760K) used = 12564832(12270K) committed = 234881024(229376K) max = 3551526912(3468288K)
2020-07-09 11:46:48 INFO  Inferer: - Resolve type bindings...
2020-07-09 11:46:48 INFO  Inferer: - Dependency analaysing...
2020-07-09 11:46:48 INFO  Inferer: - Heap Information: init = 251658240(245760K) used = 17412920(17004K) committed = 234881024(229376K) max = 3551526912(3468288K)
2020-07-09 11:46:51 INFO  AbstractLangProcessor: - Heap Information: init = 251658240(245760K) used = 6475552(6323K) committed = 236453888(230912K) max = 3551526912(3468288K)
2020-07-09 11:46:51 INFO  AbstractLangProcessor: - Dependencie data generating done successfully...
2020-07-09 11:55:14 INFO  AbstractLangProcessor: - Start parsing files...
2020-07-09 11:55:22 INFO  AbstractLangProcessor: - Resolve types and bindings of variables, methods and expressions.... D:\FILE\work\target_projects\Sock-Shop\Sock-Shop
2020-07-09 11:55:22 INFO  AbstractLangProcessor: - Heap Information: init = 251658240(245760K) used = 13696072(13375K) committed = 234881024(229376K) max = 3551526912(3468288K)
2020-07-09 11:55:22 INFO  Inferer: - Resolve type bindings...
2020-07-09 11:55:22 INFO  Inferer: - Dependency analaysing...
2020-07-09 11:55:22 INFO  Inferer: - Heap Information: init = 251658240(245760K) used = 18539696(18105K) committed = 234881024(229376K) max = 3551526912(3468288K)
2020-07-09 11:55:24 INFO  AbstractLangProcessor: - Heap Information: init = 251658240(245760K) used = 6474800(6323K) committed = 236453888(230912K) max = 3551526912(3468288K)
2020-07-09 11:55:24 INFO  AbstractLangProcessor: - Dependencie data generating done successfully...
2020-07-09 12:38:22 INFO  AbstractLangProcessor: - Start parsing files...
2020-07-09 12:38:30 INFO  AbstractLangProcessor: - Resolve types and bindings of variables, methods and expressions.... D:\FILE\work\target_projects\Sock-Shop\Sock-Shop
2020-07-09 12:38:30 INFO  AbstractLangProcessor: - Heap Information: init = 251658240(245760K) used = 13741736(13419K) committed = 234881024(229376K) max = 3551526912(3468288K)
2020-07-09 12:38:30 INFO  Inferer: - Resolve type bindings...
2020-07-09 12:38:30 INFO  Inferer: - Dependency analaysing...
2020-07-09 12:38:30 INFO  Inferer: - Heap Information: init = 251658240(245760K) used = 18578792(18143K) committed = 234881024(229376K) max = 3551526912(3468288K)
2020-07-09 12:38:33 INFO  AbstractLangProcessor: - Heap Information: init = 251658240(245760K) used = 6474136(6322K) committed = 236453888(230912K) max = 3551526912(3468288K)
2020-07-09 12:38:33 INFO  AbstractLangProcessor: - Dependencie data generating done successfully...
2020-07-09 12:40:04 INFO  AbstractLangProcessor: - Start parsing files...
2020-07-09 12:40:12 INFO  AbstractLangProcessor: - Resolve types and bindings of variables, methods and expressions.... D:\FILE\work\target_projects\Sock-Shop\Sock-Shop
2020-07-09 12:40:12 INFO  AbstractLangProcessor: - Heap Information: init = 251658240(245760K) used = 13724168(13402K) committed = 234881024(229376K) max = 3551526912(3468288K)
2020-07-09 12:40:12 INFO  Inferer: - Resolve type bindings...
2020-07-09 12:40:12 INFO  Inferer: - Dependency analaysing...
2020-07-09 12:40:12 INFO  Inferer: - Heap Information: init = 251658240(245760K) used = 18564840(18129K) committed = 234881024(229376K) max = 3551526912(3468288K)
2020-07-09 12:40:14 INFO  AbstractLangProcessor: - Heap Information: init = 251658240(245760K) used = 6474576(6322K) committed = 236453888(230912K) max = 3551526912(3468288K)
2020-07-09 12:40:14 INFO  AbstractLangProcessor: - Dependencie data generating done successfully...
2020-07-09 12:41:35 INFO  AbstractLangProcessor: - Start parsing files...
2020-07-09 12:41:42 INFO  AbstractLangProcessor: - Resolve types and bindings of variables, methods and expressions.... D:\FILE\work\target_projects\Sock-Shop\Sock-Shop
2020-07-09 12:41:42 INFO  AbstractLangProcessor: - Heap Information: init = 251658240(245760K) used = 13746472(13424K) committed = 234881024(229376K) max = 3551526912(3468288K)
2020-07-09 12:41:42 INFO  Inferer: - Resolve type bindings...
2020-07-09 12:41:42 INFO  Inferer: - Dependency analaysing...
2020-07-09 12:41:42 INFO  Inferer: - Heap Information: init = 251658240(245760K) used = 18581320(18145K) committed = 234881024(229376K) max = 3551526912(3468288K)
2020-07-09 12:41:44 INFO  AbstractLangProcessor: - Heap Information: init = 251658240(245760K) used = 6473488(6321K) committed = 236453888(230912K) max = 3551526912(3468288K)
2020-07-09 12:41:45 INFO  AbstractLangProcessor: - Dependencie data generating done successfully...
2020-07-09 12:49:37 INFO  AbstractLangProcessor: - Start parsing files...
2020-07-09 12:49:42 INFO  AbstractLangProcessor: - Resolve types and bindings of variables, methods and expressions.... D:\FILE\work\target_projects\Sock-Shop\Sock-Shop
2020-07-09 12:49:42 INFO  AbstractLangProcessor: - Heap Information: init = 251658240(245760K) used = 12521800(12228K) committed = 234881024(229376K) max = 3551526912(3468288K)
2020-07-09 12:49:42 INFO  Inferer: - Resolve type bindings...
2020-07-09 12:49:42 INFO  Inferer: - Dependency analaysing...
2020-07-09 12:49:42 INFO  Inferer: - Heap Information: init = 251658240(245760K) used = 17368152(16961K) committed = 234881024(229376K) max = 3551526912(3468288K)
2020-07-09 12:49:44 INFO  AbstractLangProcessor: - Heap Information: init = 251658240(245760K) used = 6474832(6323K) committed = 236453888(230912K) max = 3551526912(3468288K)
2020-07-09 12:49:44 INFO  AbstractLangProcessor: - Dependencie data generating done successfully...
2020-07-09 12:51:34 INFO  AbstractLangProcessor: - Start parsing files...
2020-07-09 12:51:39 INFO  AbstractLangProcessor: - Resolve types and bindings of variables, methods and expressions.... D:\FILE\work\target_projects\Sock-Shop\Sock-Shop
2020-07-09 12:51:39 INFO  AbstractLangProcessor: - Heap Information: init = 251658240(245760K) used = 12629496(12333K) committed = 234881024(229376K) max = 3551526912(3468288K)
2020-07-09 12:51:39 INFO  Inferer: - Resolve type bindings...
2020-07-09 12:51:39 INFO  Inferer: - Dependency analaysing...
2020-07-09 12:51:39 INFO  Inferer: - Heap Information: init = 251658240(245760K) used = 17482232(17072K) committed = 234881024(229376K) max = 3551526912(3468288K)
2020-07-09 12:51:41 INFO  AbstractLangProcessor: - Heap Information: init = 251658240(245760K) used = 6476232(6324K) committed = 236453888(230912K) max = 3551526912(3468288K)
2020-07-09 12:51:41 INFO  AbstractLangProcessor: - Dependencie data generating done successfully...
2020-07-09 12:55:55 INFO  AbstractLangProcessor: - Start parsing files...
2020-07-09 12:56:00 INFO  AbstractLangProcessor: - Resolve types and bindings of variables, methods and expressions.... D:\FILE\work\target_projects\Sock-Shop\Sock-Shop
2020-07-09 12:56:00 INFO  AbstractLangProcessor: - Heap Information: init = 251658240(245760K) used = 12540816(12246K) committed = 234881024(229376K) max = 3551526912(3468288K)
2020-07-09 12:56:00 INFO  Inferer: - Resolve type bindings...
2020-07-09 12:56:00 INFO  Inferer: - Dependency analaysing...
2020-07-09 12:56:00 INFO  Inferer: - Heap Information: init = 251658240(245760K) used = 17387560(16980K) committed = 234881024(229376K) max = 3551526912(3468288K)
2020-07-09 12:56:01 INFO  AbstractLangProcessor: - Heap Information: init = 251658240(245760K) used = 6473992(6322K) committed = 236453888(230912K) max = 3551526912(3468288K)
2020-07-09 12:56:01 INFO  AbstractLangProcessor: - Dependencie data generating done successfully...
